[debug] [2022-06-12T14:32:02.105Z] ----------------------------------------------------------------------
[debug] [2022-06-12T14:32:02.107Z] Command:       /Users/kev/.nvm/versions/node/v16.15.1/bin/node /usr/local/bin/firebase emulators:start
[debug] [2022-06-12T14:32:02.107Z] CLI Version:   11.0.1
[debug] [2022-06-12T14:32:02.107Z] Platform:      darwin
[debug] [2022-06-12T14:32:02.107Z] Node Version:  v16.15.1
[debug] [2022-06-12T14:32:02.108Z] Time:          Sun Jun 12 2022 09:32:02 GMT-0500 (Central Daylight Time)
[debug] [2022-06-12T14:32:02.108Z] ----------------------------------------------------------------------
[debug] 
[debug] [2022-06-12T14:32:02.170Z] > command requires scopes: ["email","openid","https://www.googleapis.com/auth/cloudplatformprojects.readonly","https://www.googleapis.com/auth/firebase","https://www.googleapis.com/auth/cloud-platform"]
[debug] [2022-06-12T14:32:02.170Z] > authorizing via signed-in user (kev.bittner@gmail.com)
[info] i  emulators: Starting emulators: auth {"metadata":{"emulator":{"name":"hub"},"message":"Starting emulators: auth"}}
[debug] [2022-06-12T14:32:02.196Z] [hub] writing locator at /var/folders/m0/frh610y92yz1ywkfr1cc3m3m0000gn/T/hub-fir-test-6d5eb.json
[info] i  ui: downloading ui-v1.7.0.zip... {"metadata":{"emulator":{"name":"ui"},"message":"downloading ui-v1.7.0.zip..."}}
[debug] [2022-06-12T14:32:09.424Z] >>> [apiv2][query] GET https://storage.googleapis.com/firebase-preview-drop/emulator/ui-v1.7.0.zip 
[debug] [2022-06-12T14:32:09.603Z] <<< [apiv2][status] GET https://storage.googleapis.com/firebase-preview-drop/emulator/ui-v1.7.0.zip 200
[debug] [2022-06-12T14:32:09.603Z] <<< [apiv2][body] GET https://storage.googleapis.com/firebase-preview-drop/emulator/ui-v1.7.0.zip [stream]
[info] i  ui: Removing outdated emulator files: ui-v1.6.4 {"metadata":{"emulator":{"name":"ui"},"message":"Removing outdated emulator files: ui-v1.6.4"}}
[info] i  ui: Removing outdated emulator files: ui-v1.6.4.zip {"metadata":{"emulator":{"name":"ui"},"message":"Removing outdated emulator files: ui-v1.6.4.zip"}}
[debug] [2022-06-12T14:32:10.525Z] Ignoring unsupported arg: auto_download {"metadata":{"emulator":{"name":"ui"},"message":"Ignoring unsupported arg: auto_download"}}
[debug] [2022-06-12T14:32:10.525Z] Ignoring unsupported arg: port {"metadata":{"emulator":{"name":"ui"},"message":"Ignoring unsupported arg: port"}}
[debug] [2022-06-12T14:32:10.525Z] Starting Emulator UI with command {"binary":"node","args":["--dns-result-order=ipv4first","/Users/kev/.cache/firebase/emulators/ui-v1.7.0/server.bundle.js"],"optionalArgs":[],"joinArgs":false} {"metadata":{"emulator":{"name":"ui"},"message":"Starting Emulator UI with command {\"binary\":\"node\",\"args\":[\"--dns-result-order=ipv4first\",\"/Users/kev/.cache/firebase/emulators/ui-v1.7.0/server.bundle.js\"],\"optionalArgs\":[],\"joinArgs\":false}"}}
[info] i  ui: Emulator UI logging to ui-debug.log {"metadata":{"emulator":{"name":"ui"},"message":"Emulator UI logging to \u001b[1mui-debug.log\u001b[22m"}}
[debug] [2022-06-12T14:32:10.686Z] Web / API server started at localhost:4000
 {"metadata":{"emulator":{"name":"ui"},"message":"Web / API server started at localhost:4000\n"}}
[info] 
┌─────────────────────────────────────────────────────────────┐
│ ✔  All emulators ready! It is now safe to connect your app. │
│ i  View Emulator UI at http://localhost:4000                │
└─────────────────────────────────────────────────────────────┘

┌────────────────┬────────────────┬────────────────────────────┐
│ Emulator       │ Host:Port      │ View in Emulator UI        │
├────────────────┼────────────────┼────────────────────────────┤
│ Authentication │ localhost:9099 │ http://localhost:4000/auth │
└────────────────┴────────────────┴────────────────────────────┘
  Emulator Hub running at localhost:4400
  Other reserved ports: 4500

Issues? Report them at https://github.com/firebase/firebase-tools/issues and attach the *-debug.log files.
 
[warn] ⚠  Error: Internal state invariant broken: no user with ID: 0Q77WHCGuyaaGKn20Ckxqvu32k6W
    at AgentProjectState.getUserByLocalIdAssertingExists (/Users/kev/.config/yarn/global/node_modules/firebase-tools/lib/emulator/auth/state.js:208:19)
    at AgentProjectState.validateRefreshToken (/Users/kev/.config/yarn/global/node_modules/firebase-tools/lib/emulator/auth/state.js:295:24)
    at grantToken (/Users/kev/.config/yarn/global/node_modules/firebase-tools/lib/emulator/auth/operations.js:1212:38)
    at Proxy.<anonymous> (/Users/kev/.config/yarn/global/node_modules/firebase-tools/lib/emulator/auth/server.js:375:20)
    at /Users/kev/.config/yarn/global/node_modules/promise-breaker/index.js:265:46
    at processTicksAndRejections (node:internal/process/task_queues:96:5) {"metadata":{"emulator":{"name":"auth"},"message":"Error: Internal state invariant broken: no user with ID: 0Q77WHCGuyaaGKn20Ckxqvu32k6W\n    at AgentProjectState.getUserByLocalIdAssertingExists (/Users/kev/.config/yarn/global/node_modules/firebase-tools/lib/emulator/auth/state.js:208:19)\n    at AgentProjectState.validateRefreshToken (/Users/kev/.config/yarn/global/node_modules/firebase-tools/lib/emulator/auth/state.js:295:24)\n    at grantToken (/Users/kev/.config/yarn/global/node_modules/firebase-tools/lib/emulator/auth/operations.js:1212:38)\n    at Proxy.<anonymous> (/Users/kev/.config/yarn/global/node_modules/firebase-tools/lib/emulator/auth/server.js:375:20)\n    at /Users/kev/.config/yarn/global/node_modules/promise-breaker/index.js:265:46\n    at processTicksAndRejections (node:internal/process/task_queues:96:5)"}}
